<?xml version="1.0" encoding="UTF-8"?>
<!-- Generated by org.testng.reporters.JUnitReportReporter -->
<testsuite hostname="Siddharth-mbpr.local" name="com.playphone.msports.HomePageLaunch" tests="1" failures="0" timestamp="15 Feb 2017 19:54:46 GMT" time="7.486" errors="0">
  <testcase name="AccountLoginInvalidTest" time="7.486" classname="com.playphone.msports.HomePageLaunch"/>
</testsuite> <!-- com.playphone.msports.HomePageLaunch -->
