<?xml version="1.0" encoding="UTF-8"?>
<!-- Generated by org.testng.reporters.JUnitReportReporter -->
<testsuite hostname="Siddharth-mbpr.local" name="com.playphone.msports.AccountLoginInvalidTest" tests="1" failures="0" timestamp="15 Feb 2017 19:54:46 GMT" time="34.540" errors="0">
  <testcase name="testUntitled" time="34.540" classname="com.playphone.msports.AccountLoginInvalidTest"/>
</testsuite> <!-- com.playphone.msports.AccountLoginInvalidTest -->
