<?xml version="1.0" encoding="UTF-8"?>
<!-- Generated by org.testng.reporters.JUnitReportReporter -->
<testsuite hostname="Siddharth-mbpr.local" name="com.playphone.msports.MsportsPageopen" tests="1" failures="0" timestamp="15 Feb 2017 19:54:46 GMT" time="28.181" errors="0">
  <testcase name="AccountLoginInvalidTest" time="28.181" classname="com.playphone.msports.MsportsPageopen"/>
</testsuite> <!-- com.playphone.msports.MsportsPageopen -->
