<?xml version="1.0" encoding="UTF-8"?>
<!-- Generated by org.testng.reporters.JUnitReportReporter -->
<testsuite hostname="Siddharth-mbpr.local" name="com.playphone.msports.PlayNow" tests="1" failures="0" timestamp="15 Feb 2017 19:54:46 GMT" time="46.631" errors="0">
  <testcase name="testUntitled3" time="46.631" classname="com.playphone.msports.PlayNow"/>
</testsuite> <!-- com.playphone.msports.PlayNow -->
