<?xml version="1.0" encoding="UTF-8"?>
<!-- Generated by org.testng.reporters.JUnitReportReporter -->
<testsuite hostname="Siddharth-mbpr.local" name="com.playphone.msports.AccountLoginInvalidTest" tests="1" failures="0" timestamp="14 Feb 2017 00:44:48 GMT" time="18.680" errors="0">
  <testcase name="testUntitled" time="18.680" classname="com.playphone.msports.AccountLoginInvalidTest"/>
</testsuite> <!-- com.playphone.msports.AccountLoginInvalidTest -->
